<?xml version="1.0" encoding="UTF-8"?>
<testng-results ignored="0" total="1" passed="1" failed="0" skipped="0">
  <reporter-output>
  </reporter-output>
  <suite started-at="2026-09-20T20:37:59 IST" name="Command line suite" finished-at="2026-09-20T20:38:01 IST" duration-ms="2775">
    <groups>
    </groups>
    <test started-at="2026-09-20T20:37:59 IST" name="Command line test" finished-at="2026-09-20T20:38:01 IST" duration-ms="2775">
      <class name="com.testbuddy.tests.LoginTest">
        <test-method is-config="true" signature="setUp()[pri:0, instance:com.testbuddy.tests.LoginTest@4cd12624]" started-at="2026-09-20T20:37:59 IST" name="setUp" finished-at="2026-09-20T20:38:00 IST" duration-ms="1130" status="PASS">
          <reporter-output>
          </reporter-output>
        </test-method> <!-- setUp -->
        <test-method signature="validLoginTest()[pri:0, instance:com.testbuddy.tests.LoginTest@4cd12624]" started-at="2026-09-20T20:38:00 IST" name="validLoginTest" finished-at="2026-09-20T20:38:01 IST" duration-ms="1387" status="PASS">
          <reporter-output>
          </reporter-output>
        </test-method> <!-- validLoginTest -->
        <test-method is-config="true" signature="tearDown()[pri:0, instance:com.testbuddy.tests.LoginTest@4cd12624]" started-at="2026-09-20T20:38:01 IST" name="tearDown" finished-at="2026-09-20T20:38:01 IST" duration-ms="226" status="PASS">
          <reporter-output>
          </reporter-output>
        </test-method> <!-- tearDown -->
      </class> <!-- com.testbuddy.tests.LoginTest -->
    </test> <!-- Command line test -->
  </suite> <!-- Command line suite -->
</testng-results>
